<?xml version="1.0" encoding="UTF-8"?>
<!-- Generated by org.testng.reporters.JUnitReportReporter -->
<testsuite hostname="TYSS-4F-026" name="com.act.scripts.Testscripts" tests="1" failures="1" timestamp="5 Apr 2018 05:33:04 GMT" time="0.002" errors="0">
  <testcase name="launch" time="0.002" classname="com.act.scripts.Testscripts">
    <failure type="org.openqa.selenium.WebDriverException" message="Failed to connect to binary FirefoxBinary(/usr/bin/firefox) on port 7055; process output follows: 
sr/lib/firefox/browser/features/onboarding@mozilla.org.xpi
1522906343202	addons.xpi	INFO	Mapping screenshots@mozilla.org to /usr/lib/firefox/browser/features/screenshots@mozilla.org.xpi
1522906343202	addons.xpi	INFO	Mapping shield-recipe-client@mozilla.org to /usr/lib/firefox/browser/features/shield-recipe-client@mozilla.org.xpi
1522906343202	addons.xpi	INFO	Mapping webcompat@mozilla.org to /usr/lib/firefox/browser/features/webcompat@mozilla.org.xpi
1522906343202	addons.xpi	DEBUG	Existing add-on activity-stream@mozilla.org in app-system-defaults
1522906343202	addons.xpi	DEBUG	Existing add-on aushelper@mozilla.org in app-system-defaults
1522906343202	addons.xpi	DEBUG	Existing add-on firefox@getpocket.com in app-system-defaults
1522906343202	addons.xpi	DEBUG	Existing add-on followonsearch@mozilla.com in app-system-defaults
1522906343202	addons.xpi	DEBUG	Existing add-on formautofill@mozilla.org in app-system-defaults
1522906343202	addons.xpi	DEBUG	Existing add-on onboarding@mozilla.org in app-system-defaults
1522906343202	addons.xpi	DEBUG	Existing add-on screenshots@mozilla.org in app-system-defaults
1522906343202	addons.xpi	DEBUG	Existing add-on shield-recipe-client@mozilla.org in app-system-defaults
1522906343202	addons.xpi	DEBUG	Existing add-on webcompat@mozilla.org in app-system-defaults
1522906343202	addons.xpi	INFO	Mapping langpack-en-GB@firefox.mozilla.org to /usr/lib/firefox/browser/extensions/langpack-en-GB@firefox.mozilla.org.xpi
1522906343202	addons.xpi	INFO	Mapping {972ce4c6-7e08-4474-a285-3208198ce6fd} to /usr/lib/firefox/browser/extensions/{972ce4c6-7e08-4474-a285-3208198ce6fd}.xpi
1522906343202	addons.xpi	INFO	Mapping langpack-en-ZA@firefox.mozilla.org to /usr/lib/firefox/browser/extensions/langpack-en-ZA@firefox.mozilla.org.xpi
1522906343202	addons.xpi	DEBUG	Existing add-on langpack-en-GB@firefox.mozilla.org in app-global
1522906343202	addons.xpi	DEBUG	Existing add-on {972ce4c6-7e08-4474-a285-3208198ce6fd} in app-global
1522906343202	addons.xpi	DEBUG	Existing add-on langpack-en-ZA@firefox.mozilla.org in app-global
1522906343204	addons.xpi	DEBUG	getInstallState changed: false, state: {}
1522906356930	addons.xpi	DEBUG	Calling bootstrap method shutdown on webcompat@mozilla.org version 1.1
1522906356930	addons.xpi	DEBUG	Calling bootstrap method shutdown on shield-recipe-client@mozilla.org version 80
1522906356930	addons.xpi	DEBUG	Calling bootstrap method shutdown on screenshots@mozilla.org version 25.0.0
1522906356934	addons.xpi	DEBUG	Calling bootstrap method shutdown on onboarding@mozilla.org version 1.0
1522906356936	addons.xpi	DEBUG	Calling bootstrap method shutdown on langpack-en-ZA@firefox.mozilla.org version 59.0.2
1522906356938	addons.xpi	DEBUG	Calling bootstrap method shutdown on langpack-en-GB@firefox.mozilla.org version 59.0.2
1522906356940	addons.xpi	DEBUG	Calling bootstrap method shutdown on formautofill@mozilla.org version 1.0
1522906356940	addons.xpi	DEBUG	Calling bootstrap method shutdown on followonsearch@mozilla.com version 0.9.6
1522906356940	addons.xpi	DEBUG	Calling bootstrap method shutdown on firefox@getpocket.com version 1.0.5
1522906356940	addons.xpi	DEBUG	Calling bootstrap method shutdown on aushelper@mozilla.org version 2.0
1522906356940	addons.xpi	DEBUG	Calling bootstrap method shutdown on activity-stream@mozilla.org version 2018.02.17.0026-173e2795
1522906357032	addons.manager	DEBUG	shutdown
1522906357032	addons.manager	DEBUG	Calling shutdown blocker for XPIProvider
1522906357032	addons.xpi	DEBUG	shutdown
1522906357032	addons.xpi-utils	DEBUG	shutdown
1522906357032	addons.manager	DEBUG	Calling shutdown blocker for LightweightThemeManager
1522906357032	addons.manager	DEBUG	Calling shutdown blocker for GMPProvider
1522906357032	addons.manager	DEBUG	Calling shutdown blocker for PluginProvider
1522906357032	addons.manager	DEBUG	Calling shutdown blocker for PreviousExperimentProvider
1522906357056	addons.manager	DEBUG	Async provider shutdown done
*** UTM:SVC TimerManager:registerTimer called after profile-before-change notification. Ignoring timer registration for id: telemetry_modules_ping

Build info: version: &#039;2.53.1&#039;, revision: &#039;a36b8b1cd5757287168e54b817830adce9b0158d&#039;, time: &#039;2016-06-30 19:26:09&#039;
System info: host: &#039;TYSS-4F-026&#039;, ip: &#039;198.105.244.11&#039;, os.name: &#039;Linux&#039;, os.arch: &#039;amd64&#039;, os.version: &#039;4.4.0-116-generic&#039;, java.version: &#039;1.8.0_162&#039;
Driver info: driver.version: FirefoxDriver">
      <![CDATA[org.openqa.selenium.WebDriverException: Failed to connect to binary FirefoxBinary(/usr/bin/firefox) on port 7055; process output follows: 
sr/lib/firefox/browser/features/onboarding@mozilla.org.xpi
1522906343202	addons.xpi	INFO	Mapping screenshots@mozilla.org to /usr/lib/firefox/browser/features/screenshots@mozilla.org.xpi
1522906343202	addons.xpi	INFO	Mapping shield-recipe-client@mozilla.org to /usr/lib/firefox/browser/features/shield-recipe-client@mozilla.org.xpi
1522906343202	addons.xpi	INFO	Mapping webcompat@mozilla.org to /usr/lib/firefox/browser/features/webcompat@mozilla.org.xpi
1522906343202	addons.xpi	DEBUG	Existing add-on activity-stream@mozilla.org in app-system-defaults
1522906343202	addons.xpi	DEBUG	Existing add-on aushelper@mozilla.org in app-system-defaults
1522906343202	addons.xpi	DEBUG	Existing add-on firefox@getpocket.com in app-system-defaults
1522906343202	addons.xpi	DEBUG	Existing add-on followonsearch@mozilla.com in app-system-defaults
1522906343202	addons.xpi	DEBUG	Existing add-on formautofill@mozilla.org in app-system-defaults
1522906343202	addons.xpi	DEBUG	Existing add-on onboarding@mozilla.org in app-system-defaults
1522906343202	addons.xpi	DEBUG	Existing add-on screenshots@mozilla.org in app-system-defaults
1522906343202	addons.xpi	DEBUG	Existing add-on shield-recipe-client@mozilla.org in app-system-defaults
1522906343202	addons.xpi	DEBUG	Existing add-on webcompat@mozilla.org in app-system-defaults
1522906343202	addons.xpi	INFO	Mapping langpack-en-GB@firefox.mozilla.org to /usr/lib/firefox/browser/extensions/langpack-en-GB@firefox.mozilla.org.xpi
1522906343202	addons.xpi	INFO	Mapping {972ce4c6-7e08-4474-a285-3208198ce6fd} to /usr/lib/firefox/browser/extensions/{972ce4c6-7e08-4474-a285-3208198ce6fd}.xpi
1522906343202	addons.xpi	INFO	Mapping langpack-en-ZA@firefox.mozilla.org to /usr/lib/firefox/browser/extensions/langpack-en-ZA@firefox.mozilla.org.xpi
1522906343202	addons.xpi	DEBUG	Existing add-on langpack-en-GB@firefox.mozilla.org in app-global
1522906343202	addons.xpi	DEBUG	Existing add-on {972ce4c6-7e08-4474-a285-3208198ce6fd} in app-global
1522906343202	addons.xpi	DEBUG	Existing add-on langpack-en-ZA@firefox.mozilla.org in app-global
1522906343204	addons.xpi	DEBUG	getInstallState changed: false, state: {}
1522906356930	addons.xpi	DEBUG	Calling bootstrap method shutdown on webcompat@mozilla.org version 1.1
1522906356930	addons.xpi	DEBUG	Calling bootstrap method shutdown on shield-recipe-client@mozilla.org version 80
1522906356930	addons.xpi	DEBUG	Calling bootstrap method shutdown on screenshots@mozilla.org version 25.0.0
1522906356934	addons.xpi	DEBUG	Calling bootstrap method shutdown on onboarding@mozilla.org version 1.0
1522906356936	addons.xpi	DEBUG	Calling bootstrap method shutdown on langpack-en-ZA@firefox.mozilla.org version 59.0.2
1522906356938	addons.xpi	DEBUG	Calling bootstrap method shutdown on langpack-en-GB@firefox.mozilla.org version 59.0.2
1522906356940	addons.xpi	DEBUG	Calling bootstrap method shutdown on formautofill@mozilla.org version 1.0
1522906356940	addons.xpi	DEBUG	Calling bootstrap method shutdown on followonsearch@mozilla.com version 0.9.6
1522906356940	addons.xpi	DEBUG	Calling bootstrap method shutdown on firefox@getpocket.com version 1.0.5
1522906356940	addons.xpi	DEBUG	Calling bootstrap method shutdown on aushelper@mozilla.org version 2.0
1522906356940	addons.xpi	DEBUG	Calling bootstrap method shutdown on activity-stream@mozilla.org version 2018.02.17.0026-173e2795
1522906357032	addons.manager	DEBUG	shutdown
1522906357032	addons.manager	DEBUG	Calling shutdown blocker for XPIProvider
1522906357032	addons.xpi	DEBUG	shutdown
1522906357032	addons.xpi-utils	DEBUG	shutdown
1522906357032	addons.manager	DEBUG	Calling shutdown blocker for LightweightThemeManager
1522906357032	addons.manager	DEBUG	Calling shutdown blocker for GMPProvider
1522906357032	addons.manager	DEBUG	Calling shutdown blocker for PluginProvider
1522906357032	addons.manager	DEBUG	Calling shutdown blocker for PreviousExperimentProvider
1522906357056	addons.manager	DEBUG	Async provider shutdown done
*** UTM:SVC TimerManager:registerTimer called after profile-before-change notification. Ignoring timer registration for id: telemetry_modules_ping

Build info: version: '2.53.1', revision: 'a36b8b1cd5757287168e54b817830adce9b0158d', time: '2016-06-30 19:26:09'
System info: host: 'TYSS-4F-026', ip: '198.105.244.11', os.name: 'Linux', os.arch: 'amd64', os.version: '4.4.0-116-generic', java.version: '1.8.0_162'
Driver info: driver.version: FirefoxDriver
	at org.openqa.selenium.firefox.internal.NewProfileExtensionConnection.start(NewProfileExtensionConnection.java:125)
	at org.openqa.selenium.firefox.FirefoxDriver.startClient(FirefoxDriver.java:271)
	at org.openqa.selenium.remote.RemoteWebDriver.<init>(RemoteWebDriver.java:119)
	at org.openqa.selenium.firefox.FirefoxDriver.<init>(FirefoxDriver.java:216)
	at org.openqa.selenium.firefox.FirefoxDriver.<init>(FirefoxDriver.java:211)
	at org.openqa.selenium.firefox.FirefoxDriver.<init>(FirefoxDriver.java:207)
	at org.openqa.selenium.firefox.FirefoxDriver.<init>(FirefoxDriver.java:120)
	at com.act.genericlib.Baseclass.BMconfig(Baseclass.java:20)
	at sun.reflect.NativeMethodAccessorImpl.invoke0(Native Method)
	at sun.reflect.NativeMethodAccessorImpl.invoke(NativeMethodAccessorImpl.java:62)
	at sun.reflect.DelegatingMethodAccessorImpl.invoke(DelegatingMethodAccessorImpl.java:43)
	at java.lang.reflect.Method.invoke(Method.java:498)
	at org.testng.internal.MethodInvocationHelper.invokeMethod(MethodInvocationHelper.java:80)
	at org.testng.internal.Invoker.invokeConfigurationMethod(Invoker.java:564)
	at org.testng.internal.Invoker.invokeConfigurations(Invoker.java:213)
	at org.testng.internal.Invoker.invokeMethod(Invoker.java:653)
	at org.testng.internal.Invoker.invokeTestMethod(Invoker.java:901)
	at org.testng.internal.Invoker.invokeTestMethods(Invoker.java:1231)
	at org.testng.internal.TestMethodWorker.invokeTestMethods(TestMethodWorker.java:127)
	at org.testng.internal.TestMethodWorker.run(TestMethodWorker.java:111)
	at org.testng.TestRunner.privateRun(TestRunner.java:767)
	at org.testng.TestRunner.run(TestRunner.java:617)
	at org.testng.SuiteRunner.runTest(SuiteRunner.java:334)
	at org.testng.SuiteRunner.runSequentially(SuiteRunner.java:329)
	at org.testng.SuiteRunner.privateRun(SuiteRunner.java:291)
	at org.testng.SuiteRunner.run(SuiteRunner.java:240)
	at org.testng.SuiteRunnerWorker.runSuite(SuiteRunnerWorker.java:52)
	at org.testng.SuiteRunnerWorker.run(SuiteRunnerWorker.java:86)
	at org.testng.TestNG.runSuitesSequentially(TestNG.java:1198)
	at org.testng.TestNG.runSuitesLocally(TestNG.java:1123)
	at org.testng.TestNG.run(TestNG.java:1031)
	at org.testng.remote.AbstractRemoteTestNG.run(AbstractRemoteTestNG.java:132)
	at org.testng.remote.RemoteTestNG.initAndRun(RemoteTestNG.java:230)
	at org.testng.remote.RemoteTestNG.main(RemoteTestNG.java:76)
Caused by: org.openqa.selenium.firefox.NotConnectedException: Unable to connect to host 127.0.0.1 on port 7055 after 45000 ms. Firefox console output:
sr/lib/firefox/browser/features/onboarding@mozilla.org.xpi
1522906343202	addons.xpi	INFO	Mapping screenshots@mozilla.org to /usr/lib/firefox/browser/features/screenshots@mozilla.org.xpi
1522906343202	addons.xpi	INFO	Mapping shield-recipe-client@mozilla.org to /usr/lib/firefox/browser/features/shield-recipe-client@mozilla.org.xpi
1522906343202	addons.xpi	INFO	Mapping webcompat@mozilla.org to /usr/lib/firefox/browser/features/webcompat@mozilla.org.xpi
1522906343202	addons.xpi	DEBUG	Existing add-on activity-stream@mozilla.org in app-system-defaults
1522906343202	addons.xpi	DEBUG	Existing add-on aushelper@mozilla.org in app-system-defaults
1522906343202	addons.xpi	DEBUG	Existing add-on firefox@getpocket.com in app-system-defaults
1522906343202	addons.xpi	DEBUG	Existing add-on followonsearch@mozilla.com in app-system-defaults
1522906343202	addons.xpi	DEBUG	Existing add-on formautofill@mozilla.org in app-system-defaults
1522906343202	addons.xpi	DEBUG	Existing add-on onboarding@mozilla.org in app-system-defaults
1522906343202	addons.xpi	DEBUG	Existing add-on screenshots@mozilla.org in app-system-defaults
1522906343202	addons.xpi	DEBUG	Existing add-on shield-recipe-client@mozilla.org in app-system-defaults
1522906343202	addons.xpi	DEBUG	Existing add-on webcompat@mozilla.org in app-system-defaults
1522906343202	addons.xpi	INFO	Mapping langpack-en-GB@firefox.mozilla.org to /usr/lib/firefox/browser/extensions/langpack-en-GB@firefox.mozilla.org.xpi
1522906343202	addons.xpi	INFO	Mapping {972ce4c6-7e08-4474-a285-3208198ce6fd} to /usr/lib/firefox/browser/extensions/{972ce4c6-7e08-4474-a285-3208198ce6fd}.xpi
1522906343202	addons.xpi	INFO	Mapping langpack-en-ZA@firefox.mozilla.org to /usr/lib/firefox/browser/extensions/langpack-en-ZA@firefox.mozilla.org.xpi
1522906343202	addons.xpi	DEBUG	Existing add-on langpack-en-GB@firefox.mozilla.org in app-global
1522906343202	addons.xpi	DEBUG	Existing add-on {972ce4c6-7e08-4474-a285-3208198ce6fd} in app-global
1522906343202	addons.xpi	DEBUG	Existing add-on langpack-en-ZA@firefox.mozilla.org in app-global
1522906343204	addons.xpi	DEBUG	getInstallState changed: false, state: {}
1522906356930	addons.xpi	DEBUG	Calling bootstrap method shutdown on webcompat@mozilla.org version 1.1
1522906356930	addons.xpi	DEBUG	Calling bootstrap method shutdown on shield-recipe-client@mozilla.org version 80
1522906356930	addons.xpi	DEBUG	Calling bootstrap method shutdown on screenshots@mozilla.org version 25.0.0
1522906356934	addons.xpi	DEBUG	Calling bootstrap method shutdown on onboarding@mozilla.org version 1.0
1522906356936	addons.xpi	DEBUG	Calling bootstrap method shutdown on langpack-en-ZA@firefox.mozilla.org version 59.0.2
1522906356938	addons.xpi	DEBUG	Calling bootstrap method shutdown on langpack-en-GB@firefox.mozilla.org version 59.0.2
1522906356940	addons.xpi	DEBUG	Calling bootstrap method shutdown on formautofill@mozilla.org version 1.0
1522906356940	addons.xpi	DEBUG	Calling bootstrap method shutdown on followonsearch@mozilla.com version 0.9.6
1522906356940	addons.xpi	DEBUG	Calling bootstrap method shutdown on firefox@getpocket.com version 1.0.5
1522906356940	addons.xpi	DEBUG	Calling bootstrap method shutdown on aushelper@mozilla.org version 2.0
1522906356940	addons.xpi	DEBUG	Calling bootstrap method shutdown on activity-stream@mozilla.org version 2018.02.17.0026-173e2795
1522906357032	addons.manager	DEBUG	shutdown
1522906357032	addons.manager	DEBUG	Calling shutdown blocker for XPIProvider
1522906357032	addons.xpi	DEBUG	shutdown
1522906357032	addons.xpi-utils	DEBUG	shutdown
1522906357032	addons.manager	DEBUG	Calling shutdown blocker for LightweightThemeManager
1522906357032	addons.manager	DEBUG	Calling shutdown blocker for GMPProvider
1522906357032	addons.manager	DEBUG	Calling shutdown blocker for PluginProvider
1522906357032	addons.manager	DEBUG	Calling shutdown blocker for PreviousExperimentProvider
1522906357056	addons.manager	DEBUG	Async provider shutdown done
*** UTM:SVC TimerManager:registerTimer called after profile-before-change notification. Ignoring timer registration for id: telemetry_modules_ping

	at org.openqa.selenium.firefox.internal.NewProfileExtensionConnection.start(NewProfileExtensionConnection.java:113)
	... 33 more
]]>
    </failure>
  </testcase> <!-- launch -->
</testsuite> <!-- com.act.scripts.Testscripts -->
